17:29:06.403 [main] INFO  testCases.TC_003_healthandwellness - CLICKING ON DENTIST
17:29:16.613 [main] INFO  testCases.TC_003_healthandwellness - CLICKING ON SURGERIES
17:29:44.260 [main] INFO  testCases.TC_003_healthandwellness - CLICKING ON FIND DOCTORS
17:29:54.566 [main] INFO  testCases.TC_003_healthandwellness - CLICKING ON DENTIST
17:29:57.514 [main] INFO  testCases.TC_003_healthandwellness - CLICKING ON SURGERIES
17:29:57.603 [main] INFO  testCases.TC_003_healthandwellness - GETTING ALL THE SURGERIES
17:29:57.689 [main] INFO  testCases.TC_003_healthandwellness - CLICKING ON HEALTH AND WELLNESS
17:29:57.720 [main] INFO  testCases.TC_003_healthandwellness - VALIDATING SCHEDULE A DEMO FORM WITH INVALID DETAILS
17:29:57.758 [main] INFO  testCases.TC_003_healthandwellness - VALIDATING SCHEDULE A DEMO FORM WITH VALID DETAILS
17:29:57.790 [main] INFO  testCases.TC_003_healthandwellness - VALIDATING THANKYOU MESSAGE
17:31:03.594 [main] INFO  testCases.TC_003_healthandwellness - CLICKING ON FIND DOCTORS
17:32:01.914 [main] INFO  testCases.TC_003_healthandwellness - CLICKING ON DENTIST
17:32:37.050 [main] INFO  testCases.TC_003_healthandwellness - APPLYING THE FILTERS TO FIND DOCTORS
17:32:57.985 [main] INFO  testCases.TC_003_healthandwellness - GETTING TOP FIVE DENTISTS
17:32:59.142 [main] INFO  testCases.TC_003_healthandwellness - CLICKING ON SURGERIES
17:33:19.444 [main] INFO  testCases.TC_003_healthandwellness - GETTING ALL THE SURGERIES
17:33:29.689 [main] INFO  testCases.TC_003_healthandwellness - CLICKING ON HEALTH AND WELLNESS
17:34:13.887 [main] INFO  testCases.TC_003_healthandwellness - VALIDATING SCHEDULE A DEMO FORM WITH INVALID DETAILS
17:34:18.668 [main] INFO  testCases.TC_003_healthandwellness - VALIDATING SCHEDULE A DEMO FORM WITH VALID DETAILS
17:34:18.686 [main] INFO  testCases.TC_003_healthandwellness - VALIDATING THANKYOU MESSAGE
17:37:09.182 [main] INFO  testCases.TC_003_healthandwellness - CLICKING ON FIND DOCTORS
17:37:41.113 [main] INFO  testCases.TC_003_healthandwellness - CLICKING ON DENTIST
17:37:56.496 [main] INFO  testCases.TC_003_healthandwellness - APPLYING THE FILTERS TO FIND DOCTORS
17:38:37.618 [main] INFO  testCases.TC_003_healthandwellness - GETTING TOP FIVE DENTISTS
17:38:39.023 [main] INFO  testCases.TC_003_healthandwellness - CLICKING ON SURGERIES
17:47:02.577 [main] INFO  testCases.TC_003_healthandwellness - CLICKING ON FIND DOCTORS
17:47:33.936 [main] INFO  testCases.TC_003_healthandwellness - CLICKING ON DENTIST
17:48:22.867 [main] INFO  testCases.TC_003_healthandwellness - APPLYING THE FILTERS TO FIND DOCTORS
17:49:04.963 [main] INFO  testCases.TC_003_healthandwellness - GETTING TOP FIVE DENTISTS
17:49:06.313 [main] INFO  testCases.TC_003_healthandwellness - CLICKING ON SURGERIES
17:49:26.617 [main] INFO  testCases.TC_003_healthandwellness - GETTING ALL THE SURGERIES
19:44:05.577 [main] INFO  testCases.TC_003_healthandwellness - CLICKING ON FIND DOCTORS
19:44:07.972 [main] INFO  testCases.TC_003_healthandwellness - CLICKING ON DENTIST
19:44:21.555 [main] INFO  testCases.TC_003_healthandwellness - APPLYING THE FILTERS TO FIND DOCTORS
19:44:43.158 [main] INFO  testCases.TC_003_healthandwellness - GETTING TOP FIVE DENTISTS
19:44:46.328 [main] INFO  testCases.TC_003_healthandwellness - CLICKING ON SURGERIES
19:45:01.125 [main] INFO  testCases.TC_003_healthandwellness - GETTING ALL THE SURGERIES
19:45:41.037 [main] INFO  testCases.TC_003_healthandwellness - CLICKING ON HEALTH AND WELLNESS
19:45:50.151 [main] INFO  testCases.TC_003_healthandwellness - VALIDATING SCHEDULE A DEMO FORM WITH INVALID DETAILS
19:45:51.427 [main] INFO  testCases.TC_003_healthandwellness - VALIDATING SCHEDULE A DEMO FORM WITH VALID DETAILS
19:45:52.648 [main] INFO  testCases.TC_003_healthandwellness - VALIDATING THANKYOU MESSAGE
19:49:22.412 [main] INFO  testCases.TC_003_healthandwellness - CLICKING ON FIND DOCTORS
19:49:25.009 [main] INFO  testCases.TC_003_healthandwellness - CLICKING ON DENTIST
19:49:27.666 [main] INFO  testCases.TC_003_healthandwellness - APPLYING THE FILTERS TO FIND DOCTORS
19:49:50.867 [main] INFO  testCases.TC_003_healthandwellness - GETTING TOP FIVE DENTISTS
19:49:56.115 [main] INFO  testCases.TC_003_healthandwellness - CLICKING ON SURGERIES
19:49:59.003 [main] INFO  testCases.TC_003_healthandwellness - GETTING ALL THE SURGERIES
19:51:17.626 [main] INFO  testCases.TC_003_healthandwellness - CLICKING ON FIND DOCTORS
19:51:20.872 [main] INFO  testCases.TC_003_healthandwellness - CLICKING ON DENTIST
19:51:26.459 [main] INFO  testCases.TC_003_healthandwellness - APPLYING THE FILTERS TO FIND DOCTORS
19:51:51.067 [main] INFO  testCases.TC_003_healthandwellness - GETTING TOP FIVE DENTISTS
19:51:54.864 [main] INFO  testCases.TC_003_healthandwellness - CLICKING ON SURGERIES
19:52:04.256 [main] INFO  testCases.TC_003_healthandwellness - GETTING ALL THE SURGERIES
19:52:40.108 [main] INFO  testCases.TC_003_healthandwellness - CLICKING ON HEALTH AND WELLNESS
