22:59:10.128 [main] INFO  testCases.TC_003_healthandwellness - clicking
23:00:58.860 [main] INFO  testCases.TC_003_healthandwellness - clicking
23:04:57.360 [main] INFO  testCases.TC_003_healthandwellness - clicking
23:11:29.258 [main] INFO  testCases.TC_003_healthandwellness - clicking
23:19:58.240 [main] INFO  testCases.TC_003_healthandwellness - clicking
23:21:11.293 [main] INFO  testCases.TC_003_healthandwellness - clicking
23:22:16.791 [main] INFO  testCases.TC_003_healthandwellness - clicking
23:32:55.507 [main] INFO  testCases.TC_003_healthandwellness - clicking
23:34:01.611 [main] INFO  testCases.TC_003_healthandwellness - clicking
23:36:50.680 [main] INFO  testCases.TC_003_healthandwellness - clicking
23:43:23.007 [main] INFO  testCases.TC_003_healthandwellness - clicking
23:54:22.743 [main] INFO  testCases.TC_003_healthandwellness - clicking
23:57:15.937 [main] INFO  testCases.TC_003_healthandwellness - clicking
00:02:39.583 [main] INFO  testCases.TC_003_healthandwellness - clicking
00:13:01.109 [main] INFO  testCases.TC_003_healthandwellness - clicking
00:14:40.367 [main] INFO  testCases.TC_003_healthandwellness - clicking
00:21:32.555 [main] INFO  testCases.TC_003_healthandwellness - clicking
00:26:14.472 [main] INFO  testCases.TC_003_healthandwellness - clicking
00:31:05.377 [main] INFO  testCases.TC_003_healthandwellness - clicking
00:33:38.400 [main] INFO  testCases.TC_003_healthandwellness - clicking
00:52:50.469 [main] INFO  testCases.TC_003_healthandwellness - CLICKING ON FIND DOCTORS
00:52:53.412 [main] INFO  testCases.TC_003_healthandwellness - CLICKING ON DENTIST
00:52:56.711 [main] INFO  testCases.TC_003_healthandwellness - APPLYING THE FILTERS TO FIND DOCTORS
00:53:16.928 [main] INFO  testCases.TC_003_healthandwellness - GETTING TOP FIVE DENTISTS
00:53:18.588 [main] INFO  testCases.TC_003_healthandwellness - CLICKING ON SURGERIES
00:53:28.634 [main] INFO  testCases.TC_003_healthandwellness - GETTING ALL THE SURGERIES
00:53:39.003 [main] INFO  testCases.TC_003_healthandwellness - CLICKING ON HEALTH AND WELLNESS
00:53:54.226 [main] INFO  testCases.TC_003_healthandwellness - VALIDATING SCHEDULE A DEMO FORM WITH INVALID DETAILS
00:54:04.760 [main] INFO  testCases.TC_003_healthandwellness - VALIDATING SCHEDULE A DEMO FORM WITH VALID DETAILS
00:54:14.187 [main] INFO  testCases.TC_003_healthandwellness - CLICKING ON FIND DOCTORS
00:54:15.592 [main] INFO  testCases.TC_003_healthandwellness - VALIDATING THANKYOU MESSAGE
00:54:17.668 [main] INFO  testCases.TC_003_healthandwellness - CLICKING ON DENTIST
00:54:21.627 [main] INFO  testCases.TC_003_healthandwellness - APPLYING THE FILTERS TO FIND DOCTORS
00:54:42.333 [main] INFO  testCases.TC_003_healthandwellness - GETTING TOP FIVE DENTISTS
00:54:47.792 [main] INFO  testCases.TC_003_healthandwellness - CLICKING ON SURGERIES
00:54:50.490 [main] INFO  testCases.TC_003_healthandwellness - GETTING ALL THE SURGERIES
00:55:31.144 [main] INFO  testCases.TC_003_healthandwellness - CLICKING ON HEALTH AND WELLNESS
00:55:42.012 [main] INFO  testCases.TC_003_healthandwellness - VALIDATING SCHEDULE A DEMO FORM WITH INVALID DETAILS
00:55:44.238 [main] INFO  testCases.TC_003_healthandwellness - VALIDATING SCHEDULE A DEMO FORM WITH VALID DETAILS
00:55:46.424 [main] INFO  testCases.TC_003_healthandwellness - VALIDATING THANKYOU MESSAGE
10:44:39.211 [main] INFO  testCases.TC_003_healthandwellness - CLICKING ON FIND DOCTORS
10:44:49.813 [main] INFO  testCases.TC_003_healthandwellness - CLICKING ON DENTIST
10:45:01.249 [main] INFO  testCases.TC_003_healthandwellness - CLICKING ON SURGERIES
10:45:04.376 [main] INFO  testCases.TC_003_healthandwellness - GETTING ALL THE SURGERIES
10:45:04.469 [main] INFO  testCases.TC_003_healthandwellness - CLICKING ON HEALTH AND WELLNESS
10:45:04.530 [main] INFO  testCases.TC_003_healthandwellness - VALIDATING SCHEDULE A DEMO FORM WITH INVALID DETAILS
10:45:04.567 [main] INFO  testCases.TC_003_healthandwellness - VALIDATING SCHEDULE A DEMO FORM WITH VALID DETAILS
10:45:04.614 [main] INFO  testCases.TC_003_healthandwellness - VALIDATING THANKYOU MESSAGE
10:47:11.773 [main] INFO  testCases.TC_003_healthandwellness - CLICKING ON FIND DOCTORS
10:47:22.219 [main] INFO  testCases.TC_003_healthandwellness - CLICKING ON DENTIST
10:47:29.836 [main] INFO  testCases.TC_003_healthandwellness - CLICKING ON SURGERIES
10:47:29.861 [main] INFO  testCases.TC_003_healthandwellness - GETTING ALL THE SURGERIES
10:47:29.926 [main] INFO  testCases.TC_003_healthandwellness - CLICKING ON HEALTH AND WELLNESS
10:47:29.972 [main] INFO  testCases.TC_003_healthandwellness - VALIDATING SCHEDULE A DEMO FORM WITH INVALID DETAILS
10:47:30.000 [main] INFO  testCases.TC_003_healthandwellness - VALIDATING SCHEDULE A DEMO FORM WITH VALID DETAILS
10:47:30.028 [main] INFO  testCases.TC_003_healthandwellness - VALIDATING THANKYOU MESSAGE
10:48:38.768 [main] INFO  testCases.TC_003_healthandwellness - CLICKING ON FIND DOCTORS
