19:52:49.851 [main] INFO  testCases.TC_003_healthandwellness - VALIDATING SCHEDULE A DEMO FORM WITH INVALID DETAILS
19:52:51.118 [main] INFO  testCases.TC_003_healthandwellness - VALIDATING SCHEDULE A DEMO FORM WITH VALID DETAILS
19:52:52.325 [main] INFO  testCases.TC_003_healthandwellness - VALIDATING THANKYOU MESSAGE
19:54:55.215 [main] INFO  testCases.TC_003_healthandwellness - CLICKING ON FIND DOCTORS
19:54:59.370 [main] INFO  testCases.TC_003_healthandwellness - CLICKING ON DENTIST
19:55:05.048 [main] INFO  testCases.TC_003_healthandwellness - APPLYING THE FILTERS TO FIND DOCTORS
19:55:32.280 [main] INFO  testCases.TC_003_healthandwellness - GETTING TOP FIVE DENTISTS
19:55:33.494 [main] INFO  testCases.TC_003_healthandwellness - CLICKING ON SURGERIES
19:55:53.874 [main] INFO  testCases.TC_003_healthandwellness - GETTING ALL THE SURGERIES
19:56:04.119 [main] INFO  testCases.TC_003_healthandwellness - CLICKING ON HEALTH AND WELLNESS
19:56:39.198 [main] INFO  testCases.TC_003_healthandwellness - CLICKING ON FIND DOCTORS
19:56:41.495 [main] INFO  testCases.TC_003_healthandwellness - CLICKING ON DENTIST
19:56:45.226 [main] INFO  testCases.TC_003_healthandwellness - APPLYING THE FILTERS TO FIND DOCTORS
19:59:25.891 [main] INFO  testCases.TC_003_healthandwellness - GETTING TOP FIVE DENTISTS
19:59:29.108 [main] INFO  testCases.TC_003_healthandwellness - CLICKING ON SURGERIES
19:59:36.910 [main] INFO  testCases.TC_003_healthandwellness - GETTING ALL THE SURGERIES
20:00:11.649 [main] INFO  testCases.TC_003_healthandwellness - CLICKING ON HEALTH AND WELLNESS
20:00:25.575 [main] INFO  testCases.TC_003_healthandwellness - VALIDATING SCHEDULE A DEMO FORM WITH INVALID DETAILS
20:00:26.787 [main] INFO  testCases.TC_003_healthandwellness - VALIDATING SCHEDULE A DEMO FORM WITH VALID DETAILS
20:00:28.214 [main] INFO  testCases.TC_003_healthandwellness - VALIDATING THANKYOU MESSAGE
10:55:28.207 [main] INFO  testCases.TC_003_healthandwellness - CLICKING ON FIND DOCTORS
10:56:00.460 [main] INFO  testCases.TC_003_healthandwellness - CLICKING ON DENTIST
10:56:02.649 [main] INFO  testCases.TC_003_healthandwellness - APPLYING THE FILTERS TO FIND DOCTORS
10:56:16.049 [main] INFO  testCases.TC_003_healthandwellness - CLICKING ON SURGERIES
10:56:36.409 [main] INFO  testCases.TC_003_healthandwellness - GETTING ALL THE SURGERIES
10:56:47.353 [main] INFO  testCases.TC_003_healthandwellness - CLICKING ON HEALTH AND WELLNESS
10:56:51.023 [main] INFO  testCases.TC_003_healthandwellness - VALIDATING SCHEDULE A DEMO FORM WITH INVALID DETAILS
10:56:51.039 [main] INFO  testCases.TC_003_healthandwellness - VALIDATING SCHEDULE A DEMO FORM WITH VALID DETAILS
10:56:51.052 [main] INFO  testCases.TC_003_healthandwellness - VALIDATING THANKYOU MESSAGE
10:57:20.968 [main] INFO  testCases.TC_003_healthandwellness - CLICKING ON FIND DOCTORS
10:57:53.592 [main] INFO  testCases.TC_003_healthandwellness - CLICKING ON DENTIST
10:57:57.420 [main] INFO  testCases.TC_003_healthandwellness - APPLYING THE FILTERS TO FIND DOCTORS
10:58:23.234 [main] INFO  testCases.TC_003_healthandwellness - GETTING TOP FIVE DENTISTS
10:58:27.293 [main] INFO  testCases.TC_003_healthandwellness - CLICKING ON SURGERIES
10:58:40.105 [main] INFO  testCases.TC_003_healthandwellness - GETTING ALL THE SURGERIES
10:59:20.431 [main] INFO  testCases.TC_003_healthandwellness - CLICKING ON HEALTH AND WELLNESS
10:59:56.914 [main] INFO  testCases.TC_003_healthandwellness - VALIDATING SCHEDULE A DEMO FORM WITH INVALID DETAILS
10:59:58.399 [main] INFO  testCases.TC_003_healthandwellness - VALIDATING SCHEDULE A DEMO FORM WITH VALID DETAILS
10:59:59.683 [main] INFO  testCases.TC_003_healthandwellness - VALIDATING THANKYOU MESSAGE
14:32:41.385 [main] INFO  testCases.TC_003_healthandwellness - CLICKING ON FIND DOCTORS
14:32:44.249 [main] INFO  testCases.TC_003_healthandwellness - CLICKING ON DENTIST
14:32:47.292 [main] INFO  testCases.TC_003_healthandwellness - APPLYING THE FILTERS TO FIND DOCTORS
14:33:07.985 [main] INFO  testCases.TC_003_healthandwellness - GETTING TOP FIVE DENTISTS
14:33:11.936 [main] INFO  testCases.TC_003_healthandwellness - CLICKING ON SURGERIES
14:33:18.999 [main] INFO  testCases.TC_003_healthandwellness - GETTING ALL THE SURGERIES
14:33:58.551 [main] INFO  testCases.TC_003_healthandwellness - CLICKING ON HEALTH AND WELLNESS
14:34:08.439 [main] INFO  testCases.TC_003_healthandwellness - VALIDATING SCHEDULE A DEMO FORM WITH INVALID DETAILS
14:34:10.985 [main] INFO  testCases.TC_003_healthandwellness - VALIDATING SCHEDULE A DEMO FORM WITH VALID DETAILS
14:34:12.822 [main] INFO  testCases.TC_003_healthandwellness - VALIDATING THANKYOU MESSAGE
14:34:47.188 [main] INFO  testCases.TC_003_healthandwellness - CLICKING ON FIND DOCTORS
14:34:50.970 [main] INFO  testCases.TC_003_healthandwellness - CLICKING ON DENTIST
14:34:52.416 [main] INFO  testCases.TC_003_healthandwellness - APPLYING THE FILTERS TO FIND DOCTORS
14:40:38.091 [main] INFO  testCases.TC_003_healthandwellness - CLICKING ON FIND DOCTORS
